This is pdfeTeX, Version 3.141592-1.21a-2.2 (Web2C 7.5.4) (format=pdflatex 2010.5.17)  5 AUG 2011 17:22
entering extended mode
**windows-users.tex
(./windows-users.tex
LaTeX2e <2003/12/01>
Babel <v3.8d> and hyphenation patterns for american, french, german, ngerman, b
ahasa, basque, bulgarian, catalan, croatian, czech, danish, dutch, esperanto, e
stonian, finnish, greek, icelandic, irish, italian, latin, magyar, norsk, polis
h, portuges, romanian, russian, serbian, slovak, slovene, spanish, swedish, tur
kish, ukrainian, nohyphenation, loaded.
(/usr/share/texmf/tex/latex/base/article.cls
Document Class: article 2004/02/16 v1.4f Standard LaTeX document class
(/usr/share/texmf/tex/latex/base/size11.clo
File: size11.clo 2004/02/16 v1.4f Standard LaTeX file (size option)
)
\c@part=\count79
\c@section=\count80
\c@subsection=\count81
\c@subsubsection=\count82
\c@paragraph=\count83
\c@subparagraph=\count84
\c@figure=\count85
\c@table=\count86
\abovecaptionskip=\skip41
\belowcaptionskip=\skip42
\bibindent=\dimen102
)
(/usr/share/texmf/tex/latex/graphics/graphicx.sty
Package: graphicx 1999/02/16 v1.0f Enhanced LaTeX Graphics (DPC,SPQR)

(/usr/share/texmf/tex/latex/graphics/keyval.sty
Package: keyval 1999/03/16 v1.13 key=value parser (DPC)
\KV@toks@=\toks14
)
(/usr/share/texmf/tex/latex/graphics/graphics.sty
Package: graphics 2001/07/07 v1.0n Standard LaTeX Graphics (DPC,SPQR)

(/usr/share/texmf/tex/latex/graphics/trig.sty
Package: trig 1999/03/16 v1.09 sin cos tan (DPC)
)
(/usr/share/texmf/tex/latex/graphics/graphics.cfg
File: graphics.cfg 2005/02/03 v1.3 graphics configuration of teTeX/TeXLive
)
Package graphics Info: Driver file: pdftex.def on input line 80.

(/usr/share/texmf/tex/latex/graphics/pdftex.def
File: pdftex.def 2002/06/19 v0.03k graphics/color for pdftex
\Gread@gobject=\count87
))
\Gin@req@height=\dimen103
\Gin@req@width=\dimen104
)
(/usr/share/texmf/tex/latex/tools/multicol.sty
Package: multicol 2004/02/14 v1.6e multicolumn formatting (FMi)
\c@tracingmulticols=\count88
\mult@box=\box26
\multicol@leftmargin=\dimen105
\c@unbalance=\count89
\c@collectmore=\count90
\doublecol@number=\count91
\multicoltolerance=\count92
\multicolpretolerance=\count93
\full@width=\dimen106
\page@free=\dimen107
\premulticols=\dimen108
\postmulticols=\dimen109
\multicolsep=\skip43
\multicolbaselineskip=\skip44
\partial@page=\box27
\last@line=\box28
\mult@rightbox=\box29
\mult@grightbox=\box30
\mult@gfirstbox=\box31
\mult@firstbox=\box32
\@tempa=\box33
\@tempa=\box34
\@tempa=\box35
\@tempa=\box36
\@tempa=\box37
\@tempa=\box38
\@tempa=\box39
\@tempa=\box40
\@tempa=\box41
\@tempa=\box42
\@tempa=\box43
\@tempa=\box44
\@tempa=\box45
\@tempa=\box46
\@tempa=\box47
\@tempa=\box48
\@tempa=\box49
\c@columnbadness=\count94
\c@finalcolumnbadness=\count95
\last@try=\dimen110
\multicolovershoot=\dimen111
\multicolundershoot=\dimen112
\mult@nat@firstbox=\box50
\colbreak@box=\box51
)
No file windows-users.aux.
\openout1 = `windows-users.aux'.

LaTeX Font Info:    Checking defaults for OML/cmm/m/it on input line 19.
LaTeX Font Info:    ... okay on input line 19.
LaTeX Font Info:    Checking defaults for T1/cmr/m/n on input line 19.
LaTeX Font Info:    ... okay on input line 19.
LaTeX Font Info:    Checking defaults for OT1/cmr/m/n on input line 19.
LaTeX Font Info:    ... okay on input line 19.
LaTeX Font Info:    Checking defaults for OMS/cmsy/m/n on input line 19.
LaTeX Font Info:    ... okay on input line 19.
LaTeX Font Info:    Checking defaults for OMX/cmex/m/n on input line 19.
LaTeX Font Info:    ... okay on input line 19.
LaTeX Font Info:    Checking defaults for U/cmr/m/n on input line 19.
LaTeX Font Info:    ... okay on input line 19.
(/usr/share/texmf/tex/context/base/supp-pdf.tex
(/usr/share/texmf/tex/context/base/supp-mis.tex
loading : Context Support Macros / Miscellaneous (2004.10.26)
\protectiondepth=\count96
\scratchcounter=\count97
\scratchtoks=\toks15
\scratchdimen=\dimen113
\scratchskip=\skip45
\scratchmuskip=\muskip10
\scratchbox=\box52
\scratchread=\read1
\scratchwrite=\write3
\zeropoint=\dimen114
\onepoint=\dimen115
\onebasepoint=\dimen116
\minusone=\count98
\thousandpoint=\dimen117
\onerealpoint=\dimen118
\emptytoks=\toks16
\nextbox=\box53
\nextdepth=\dimen119
\everyline=\toks17
\!!counta=\count99
\!!countb=\count100
\recursecounter=\count101
)
loading : Context Support Macros / PDF (2004.03.26)
\nofMPsegments=\count102
\nofMParguments=\count103
\MPscratchCnt=\count104
\MPscratchDim=\dimen120
\MPnumerator=\count105
\everyMPtoPDFconversion=\toks18
)
Warning: pdflatex (file 3t-logo.pdf): pdf inclusion: found pdf version <1.6>, b
ut at most version <1.4> allowed
<3t-logo.pdf, id=1, 2007.5pt x 1335.99126pt>
File: 3t-logo.pdf Graphic file (type pdf)
 <use 3t-logo.pdf>
LaTeX Font Info:    External font `cmex10' loaded for size
(Font)              <14.4> on input line 27.
LaTeX Font Info:    External font `cmex10' loaded for size
(Font)              <7> on input line 27.

<st-logo.jpg, id=2, 183.21971pt x 183.21971pt>
File: st-logo.jpg Graphic file (type jpg)
 <use st-logo.jpg>
Underfull \hbox (badness 10000) in paragraph at lines 54--54
[]\OT1/cmr/bx/n/14.4 First tu-to-rial: \OT1/cmtt/m/n/14.4 What is
 []

LaTeX Font Info:    Try loading font information for OMS+cmr on input line 96.
(/usr/share/texmf/tex/latex/base/omscmr.fd
File: omscmr.fd 1999/05/25 v2.5h Standard LaTeX font definitions
)
LaTeX Font Info:    Font shape `OMS/cmr/m/n' in size <10.95> not available
(Font)              Font shape `OMS/cmsy/m/n' tried instead on input line 96.

Underfull \hbox (badness 6961) in paragraph at lines 100--102
[]\OT1/cmr/m/n/10.95 Do not at-tempt to cre-ate the file
 []

[1

{/usr/share/texmf-var/fonts/map/pdftex/updmap/pdftex.map} <./3t-logo.pdf> <./st
-logo.jpg>]
Overfull \hbox (0.76349pt too wide) in paragraph at lines 110--113
[]\OT1/cmr/m/n/10.95 Sub-folder name: \OT1/cmtt/m/n/10.95 04-report\OT1/cmr/m/n
/10.95 .
 []


Underfull \hbox (badness 10000) in paragraph at lines 110--113
\OT1/cmr/m/n/10.95 File to be copied to the home
 []


Underfull \hbox (badness 10000) in paragraph at lines 132--134
[]\OT1/cmr/m/n/10.95 We have pro-vided the file
 []


Underfull \hbox (badness 10000) in paragraph at lines 132--134
\OT1/cmtt/m/n/10.95 cclicenses.sty \OT1/cmr/m/n/10.95 in sub-folder
 []

LaTeX Font Info:    External font `cmex10' loaded for size
(Font)              <10.95> on input line 137.
LaTeX Font Info:    External font `cmex10' loaded for size
(Font)              <8> on input line 137.
LaTeX Font Info:    External font `cmex10' loaded for size
(Font)              <6> on input line 137.

Underfull \hbox (badness 10000) in paragraph at lines 143--148
[]\OT1/cmr/m/n/10.95 Sub-folder name:
 []


Underfull \hbox (badness 10000) in paragraph at lines 143--148
\OT1/cmtt/m/n/10.95 07-table-figure\OT1/cmr/m/n/10.95 . Files to copy:
 []


Overfull \hbox (6.97527pt too wide) in paragraph at lines 143--148
\OT1/cmtt/m/n/10.95 tab-fig.tex\OT1/cmr/m/n/10.95 , \OT1/cmtt/m/n/10.95 iitb.pd
f \OT1/cmr/m/n/10.95 and \OT1/cmtt/m/n/10.95 iitblogo.pdf\OT1/cmr/m/n/10.95 .
 []


Overfull \hbox (11.78935pt too wide) in paragraph at lines 154--158
[]\OT1/cmr/m/n/10.95 Sub-folder name: \OT1/cmtt/m/n/10.95 08-references\OT1/cmr
/m/n/10.95 .
 []

[2] (./windows-users.aux) ) 
Here is how much of TeX's memory you used:
 1022 strings out of 94500
 12558 string characters out of 1176766
 69449 words of memory out of 1000000
 4228 multiletter control sequences out of 10000+50000
 8888 words of font info for 32 fonts, out of 500000 for 2000
 580 hyphenation exceptions out of 1000
 25i,6n,19p,259b,321s stack positions out of 1500i,500n,5000p,200000b,5000s
PDF statistics:
 39 PDF objects out of 300000
 0 named destinations out of 131072
 11 words of extra memory for PDF output out of 65536
</usr/share/texmf/fonts/type1/bluesky/cm/cmr8.pfb></
usr/share/texmf/fonts/type1/bluesky/cm/cmbx10.pfb></usr/share/texmf/fonts/type1
/bluesky/cm/cmsy10.pfb></usr/share/texmf/fonts/type1/bluesky/cm/cmtt10.pfb></us
r/share/texmf/fonts/type1/bluesky/cm/cmtt12.pfb></usr/share/texmf/fonts/type1/b
luesky/cm/cmti10.pfb></usr/share/texmf/fonts/type1/bluesky/cm/cmbx12.pfb></usr/
share/texmf/fonts/type1/bluesky/cm/cmr10.pfb></usr/share/texmf/fonts/type1/blue
sky/cm/cmr12.pfb>
Output written on windows-users.pdf (2 pages, 175816 bytes).
